<?xml version="1.0" encoding="utf-8"?><testsuites name="pytest tests"><testsuite name="pytest" errors="0" failures="0" skipped="0" tests="7" time="5.964" timestamp="2026-09-22T07:47:38.495695+00:00" hostname="agent-env-3172c623-0425-4a2d-b8c2-d1dee0328b3b"><testcase classname="tests.test_document_activation_regression" name="test_activation_requires_admin_and_strictbool" time="2.058" /><testcase classname="tests.test_document_activation_regression" name="test_activation_missing_and_deleted_document_returns_404" time="0.201" /><testcase classname="tests.test_document_activation_regression" name="test_activation_toggle_preserves_fields_and_audit_is_idempotent" time="0.468" /><testcase classname="tests.test_document_activation_regression" name="test_inactive_visibility_and_download_permissions" time="0.597" /><testcase classname="tests.test_document_activation_regression" name="test_inactive_excluded_from_dashboard_and_stale_actions_rejected" time="0.766" /><testcase classname="tests.test_document_activation_regression" name="test_quiz_guards_reject_inactive_regulation_and_allow_after_reactivation" time="1.193" /><testcase classname="tests.test_document_activation_regression" name="test_legacy_document_without_is_active_treated_as_active" time="0.126" /></testsuite></testsuites>