<?xml version="1.0" encoding="utf-8"?><testsuites name="pytest tests"><testsuite name="pytest" errors="0" failures="0" skipped="0" tests="4" time="8.013" timestamp="2026-09-22T07:31:57.714536+00:00" hostname="agent-env-3172c623-0425-4a2d-b8c2-d1dee0328b3b"><testcase classname="tests.test_contact_settings_and_regulasi" name="test_public_contact_returns_allowlist_only" time="0.170" /><testcase classname="tests.test_contact_settings_and_regulasi" name="test_put_settings_requires_admin" time="0.546" /><testcase classname="tests.test_contact_settings_and_regulasi" name="test_put_settings_contact_validation_and_persistence" time="6.874" /><testcase classname="tests.test_contact_settings_and_regulasi" name="test_legacy_ketentuan_route_redirects" time="0.061" /></testsuite></testsuites>