<?xml version="1.0" encoding="utf-8"?><testsuites name="pytest tests"><testsuite name="pytest" errors="0" failures="0" skipped="0" tests="10" time="14.251" timestamp="2026-09-22T07:32:16.409692+00:00" hostname="agent-env-3172c623-0425-4a2d-b8c2-d1dee0328b3b"><testcase classname="tests.test_api_regression" name="test_health_and_demo_endpoint_removed" time="0.203" /><testcase classname="tests.test_api_regression" name="test_captcha_login_success_and_session_persistence" time="0.414" /><testcase classname="tests.test_api_regression" name="test_captcha_wrong_reuse_and_password_lockout" time="0.001" /><testcase classname="tests.test_api_regression" name="test_captcha_expiration_and_change_password_restore" time="3.509" /><testcase classname="tests.test_api_regression" name="test_export_csv_and_xlsx_structure" time="0.747" /><testcase classname="tests.test_api_regression" name="test_media_status_branding_and_user_payload_safety" time="0.593" /><testcase classname="tests.test_contact_settings_and_regulasi" name="test_public_contact_returns_allowlist_only" time="0.196" /><testcase classname="tests.test_contact_settings_and_regulasi" name="test_put_settings_requires_admin" time="0.570" /><testcase classname="tests.test_contact_settings_and_regulasi" name="test_put_settings_contact_validation_and_persistence" time="7.259" /><testcase classname="tests.test_contact_settings_and_regulasi" name="test_legacy_ketentuan_route_redirects" time="0.067" /></testsuite></testsuites>