<?xml version="1.0" encoding="utf-8"?><testsuites name="pytest tests"><testsuite name="pytest" errors="0" failures="0" skipped="0" tests="6" time="7.422" timestamp="2026-09-21T04:50:41.503988+00:00" hostname="agent-env-e74593db-6957-404e-8b78-a2a441737174"><testcase classname="tests.test_api_regression" name="test_health_and_demo_endpoint_removed" time="0.392" /><testcase classname="tests.test_api_regression" name="test_captcha_login_success_and_session_persistence" time="0.459" /><testcase classname="tests.test_api_regression" name="test_captcha_wrong_reuse_and_password_lockout" time="0.001" /><testcase classname="tests.test_api_regression" name="test_captcha_expiration_and_change_password_restore" time="3.704" /><testcase classname="tests.test_api_regression" name="test_export_csv_and_xlsx_structure" time="0.777" /><testcase classname="tests.test_api_regression" name="test_media_status_branding_and_user_payload_safety" time="0.644" /></testsuite></testsuites>